Change Component Designator: Old Designator=C? New Designator=C740
Change Component Designator: Old Designator=C? New Designator=C741
Change Component Designator: Old Designator=C? New Designator=C742
Change Component Designator: Old Designator=C? New Designator=C743
Change Component Designator: Old Designator=C? New Designator=C744
Change Component Designator: Old Designator=C? New Designator=C745
Change Component Designator: Old Designator=C? New Designator=C746
Change Component Designator: Old Designator=C? New Designator=C747
Change Component Designator: Old Designator=C? New Designator=C748
Change Component Designator: Old Designator=C? New Designator=C749
Change Component Designator: Old Designator=C? New Designator=C750
Change Component Designator: Old Designator=C? New Designator=C751
Change Component Designator: Old Designator=C? New Designator=C752
Change Component Designator: Old Designator=C? New Designator=C753
Change Component Designator: Old Designator=C? New Designator=C754
Change Component Designator: Old Designator=Conn? New Designator=Conn740
Change Component Designator: Old Designator=D? New Designator=D740
Change Component Designator: Old Designator=IC? New Designator=IC740
Change Component Designator: Old Designator=IC? New Designator=IC740
Change Component Designator: Old Designator=IC? New Designator=IC740
Change Component Designator: Old Designator=IC? New Designator=IC741
Change Component Designator: Old Designator=R? New Designator=R740
Change Component Designator: Old Designator=R? New Designator=R741
Change Component Designator: Old Designator=R? New Designator=R742
Change Component Designator: Old Designator=R? New Designator=R743
Change Component Designator: Old Designator=R? New Designator=R744
Change Component Designator: Old Designator=R? New Designator=R745
Change Component Designator: Old Designator=R? New Designator=R746
Change Component Designator: Old Designator=R? New Designator=R747
Change Component Designator: Old Designator=R? New Designator=R748
Change Component Designator: Old Designator=R? New Designator=R749
Change Component Designator: Old Designator=R? New Designator=R750
Change Component Designator: Old Designator=R? New Designator=R751
Change Component Designator: Old Designator=R? New Designator=R752
Change Component Designator: Old Designator=R? New Designator=R753
Change Component Designator: Old Designator=R? New Designator=R754
Change Component Designator: Old Designator=R? New Designator=R755
Change Component Designator: Old Designator=R? New Designator=R756
Change Component Designator: Old Designator=TR? New Designator=TR740
