Change Component Designator: Old Designator=C? New Designator=C662
Change Component Designator: Old Designator=C? New Designator=C663
Change Component Designator: Old Designator=C? New Designator=C664
Change Component Designator: Old Designator=C? New Designator=C665
Change Component Designator: Old Designator=C? New Designator=C666
Change Component Designator: Old Designator=C? New Designator=C667
Change Component Designator: Old Designator=C? New Designator=C668
Change Component Designator: Old Designator=Conn? New Designator=Conn660
Change Component Designator: Old Designator=D? New Designator=D660
Change Component Designator: Old Designator=D? New Designator=D661
Change Component Designator: Old Designator=D? New Designator=D662
Change Component Designator: Old Designator=D? New Designator=D663
Change Component Designator: Old Designator=IC? New Designator=IC662
Change Component Designator: Old Designator=R? New Designator=R671
Change Component Designator: Old Designator=R? New Designator=R672
Change Component Designator: Old Designator=R? New Designator=R673
Change Component Designator: Old Designator=R? New Designator=R674
Change Component Designator: Old Designator=R? New Designator=R675
Change Component Designator: Old Designator=R? New Designator=R676
Change Component Designator: Old Designator=R? New Designator=R677
Change Component Designator: Old Designator=R? New Designator=R678
Change Component Designator: Old Designator=R? New Designator=R679
Change Component Designator: Old Designator=R? New Designator=R680
Change Component Designator: Old Designator=R? New Designator=R681
Change Component Designator: Old Designator=R? New Designator=R682
Change Component Designator: Old Designator=R? New Designator=R683
