Change Component Designator: Old Designator=Fid? New Designator=Fid300
Change Component Designator: Old Designator=Fid? New Designator=Fid301
Change Component Designator: Old Designator=Fid? New Designator=Fid302
Change Component Designator: Old Designator=Fid? New Designator=Fid303
Change Component Designator: Old Designator=Fid? New Designator=Fid304
Change Component Designator: Old Designator=Housing? New Designator=Housing300
Change Component Designator: Old Designator=Housing? New Designator=Housing301
Change Component Designator: Old Designator=Housing? New Designator=Housing302
Change Component Designator: Old Designator=Housing? New Designator=Housing303
Change Component Designator: Old Designator=Housing? New Designator=Housing304
Change Component Designator: Old Designator=Housing? New Designator=Housing305
Change Component Designator: Old Designator=Housing? New Designator=Housing306
Change Component Designator: Old Designator=Logo? New Designator=Logo300
Change Component Designator: Old Designator=MHBL? New Designator=MHBL300
Change Component Designator: Old Designator=MHBR? New Designator=MHBR300
Change Component Designator: Old Designator=MHTL? New Designator=MHTL300
Change Component Designator: Old Designator=MHTR? New Designator=MHTR300
Change Component Designator: Old Designator=Pin? New Designator=Pin300
Change Component Designator: Old Designator=Pin? New Designator=Pin301
Change Component Designator: Old Designator=Pin? New Designator=Pin302
Change Component Designator: Old Designator=Pin? New Designator=Pin303
Change Component Designator: Old Designator=Pin? New Designator=Pin304
Change Component Designator: Old Designator=Pin? New Designator=Pin305
Change Component Designator: Old Designator=Pin? New Designator=Pin306
Change Component Designator: Old Designator=Pin? New Designator=Pin307
Change Component Designator: Old Designator=Pin? New Designator=Pin308
Change Component Designator: Old Designator=Pin? New Designator=Pin309
Change Component Designator: Old Designator=Pin? New Designator=Pin310
Change Component Designator: Old Designator=Pin? New Designator=Pin311
Change Component Designator: Old Designator=Pin? New Designator=Pin312
Change Component Designator: Old Designator=Pin? New Designator=Pin313
Change Component Designator: Old Designator=Pin? New Designator=Pin314
Change Component Designator: Old Designator=Pin? New Designator=Pin315
Change Component Designator: Old Designator=Pin? New Designator=Pin316
Change Component Designator: Old Designator=Pin? New Designator=Pin317
Change Component Designator: Old Designator=Pin? New Designator=Pin318
Change Component Designator: Old Designator=Pin? New Designator=Pin319
Change Component Designator: Old Designator=Pin? New Designator=Pin320
Change Component Designator: Old Designator=Pin? New Designator=Pin321
Change Component Designator: Old Designator=Pin? New Designator=Pin322
Change Component Designator: Old Designator=Pin? New Designator=Pin323
Change Component Designator: Old Designator=Pin? New Designator=Pin324
Change Component Designator: Old Designator=Pin? New Designator=Pin325
Change Component Designator: Old Designator=Pin? New Designator=Pin326
Change Component Designator: Old Designator=Pin? New Designator=Pin327
Change Component Designator: Old Designator=Pin? New Designator=Pin328
Change Component Designator: Old Designator=Pin? New Designator=Pin329
Change Component Designator: Old Designator=Pin? New Designator=Pin330
Change Component Designator: Old Designator=Pin? New Designator=Pin331
Change Component Designator: Old Designator=Pin? New Designator=Pin332
Change Component Designator: Old Designator=Pin? New Designator=Pin333
Change Component Designator: Old Designator=Pin? New Designator=Pin334
Change Component Designator: Old Designator=Pin? New Designator=Pin335
Change Component Designator: Old Designator=Pin? New Designator=Pin336
Change Component Designator: Old Designator=Pin? New Designator=Pin337
Change Component Designator: Old Designator=Pin? New Designator=Pin338
Change Component Designator: Old Designator=Pin? New Designator=Pin339
Change Component Designator: Old Designator=Pin? New Designator=Pin340
Change Component Designator: Old Designator=Pin? New Designator=Pin341
Change Component Designator: Old Designator=Pin? New Designator=Pin342
Change Component Designator: Old Designator=Pin? New Designator=Pin343
Change Component Designator: Old Designator=Pin? New Designator=Pin344
Change Component Designator: Old Designator=Pin? New Designator=Pin345
Change Component Designator: Old Designator=Pin? New Designator=Pin346
Change Component Designator: Old Designator=Pin? New Designator=Pin347
Change Component Designator: Old Designator=Pin? New Designator=Pin348
Change Component Designator: Old Designator=Pin? New Designator=Pin349
Change Component Designator: Old Designator=Pin? New Designator=Pin350
Change Component Designator: Old Designator=Pin? New Designator=Pin351
Change Component Designator: Old Designator=Pin? New Designator=Pin352
Change Component Designator: Old Designator=Pin? New Designator=Pin353
Change Component Designator: Old Designator=Pin? New Designator=Pin354
Change Component Designator: Old Designator=Pin? New Designator=Pin355
Change Component Designator: Old Designator=Pin? New Designator=Pin356
Change Component Designator: Old Designator=Pin? New Designator=Pin357
Change Component Designator: Old Designator=Pin? New Designator=Pin358
Change Component Designator: Old Designator=Pin? New Designator=Pin359
Change Component Designator: Old Designator=Pin? New Designator=Pin360
Change Component Designator: Old Designator=Pin? New Designator=Pin361
Change Component Designator: Old Designator=R? New Designator=R300
Change Component Designator: Old Designator=R? New Designator=R301
Change Component Designator: Old Designator=R? New Designator=R302
Change Component Designator: Old Designator=R? New Designator=R303
