Change Component Designator: Old Designator=C? New Designator=C700
Change Component Designator: Old Designator=C? New Designator=C701
Change Component Designator: Old Designator=C? New Designator=C702
Change Component Designator: Old Designator=C? New Designator=C703
Change Component Designator: Old Designator=C? New Designator=C704
Change Component Designator: Old Designator=C? New Designator=C705
Change Component Designator: Old Designator=C? New Designator=C706
Change Component Designator: Old Designator=C? New Designator=C707
Change Component Designator: Old Designator=C? New Designator=C708
Change Component Designator: Old Designator=C? New Designator=C709
Change Component Designator: Old Designator=C? New Designator=C710
Change Component Designator: Old Designator=C? New Designator=C711
Change Component Designator: Old Designator=C? New Designator=C712
Change Component Designator: Old Designator=C? New Designator=C713
Change Component Designator: Old Designator=C? New Designator=C714
Change Component Designator: Old Designator=C? New Designator=C715
Change Component Designator: Old Designator=C? New Designator=C716
Change Component Designator: Old Designator=C? New Designator=C717
Change Component Designator: Old Designator=C? New Designator=C718
Change Component Designator: Old Designator=Conn? New Designator=Conn700
Change Component Designator: Old Designator=IC? New Designator=IC700
Change Component Designator: Old Designator=IC? New Designator=IC700
Change Component Designator: Old Designator=IC? New Designator=IC700
Change Component Designator: Old Designator=IC? New Designator=IC700
Change Component Designator: Old Designator=IC? New Designator=IC700
Change Component Designator: Old Designator=IC? New Designator=IC700
Change Component Designator: Old Designator=R? New Designator=R700
Change Component Designator: Old Designator=R? New Designator=R701
Change Component Designator: Old Designator=R? New Designator=R702
Change Component Designator: Old Designator=R? New Designator=R703
Change Component Designator: Old Designator=R? New Designator=R704
Change Component Designator: Old Designator=R? New Designator=R705
Change Component Designator: Old Designator=R? New Designator=R706
Change Component Designator: Old Designator=R? New Designator=R707
Change Component Designator: Old Designator=R? New Designator=R708
Change Component Designator: Old Designator=R? New Designator=R709
Change Component Designator: Old Designator=R? New Designator=R710
Change Component Designator: Old Designator=R? New Designator=R711
Change Component Designator: Old Designator=R? New Designator=R712
Change Component Designator: Old Designator=R? New Designator=R713
Change Component Designator: Old Designator=R? New Designator=R714
Change Component Designator: Old Designator=R? New Designator=R715
Change Component Designator: Old Designator=R? New Designator=R716
Change Component Designator: Old Designator=R? New Designator=R717
Change Component Designator: Old Designator=R? New Designator=R718
Change Component Designator: Old Designator=R? New Designator=R719
Change Component Designator: Old Designator=Sw? New Designator=Sw700
Change Component Designator: Old Designator=Xtal? New Designator=Xtal700
Change Component Designator: Old Designator=Xtal? New Designator=Xtal701
