Change Component Designator: Old Designator=C? New Designator=C640
Change Component Designator: Old Designator=C? New Designator=C641
Change Component Designator: Old Designator=Conn? New Designator=Conn640
Change Component Designator: Old Designator=IC? New Designator=IC640
Change Component Designator: Old Designator=IC? New Designator=IC641
Change Component Designator: Old Designator=R? New Designator=R640
Change Component Designator: Old Designator=R? New Designator=R641
Change Component Designator: Old Designator=R? New Designator=R642
Change Component Designator: Old Designator=R? New Designator=R643
Change Component Designator: Old Designator=R? New Designator=R644
Change Component Designator: Old Designator=R? New Designator=R645
Change Component Designator: Old Designator=R? New Designator=R646
Change Component Designator: Old Designator=R? New Designator=R647
Change Component Designator: Old Designator=R? New Designator=R648
Change Component Designator: Old Designator=R? New Designator=R649
Change Component Designator: Old Designator=R? New Designator=R650
Change Component Designator: Old Designator=R? New Designator=R651
Change Component Designator: Old Designator=R? New Designator=R652
Change Component Designator: Old Designator=R? New Designator=R653
Change Component Designator: Old Designator=R? New Designator=R654
Change Component Designator: Old Designator=R? New Designator=R655
Change Component Designator: Old Designator=R? New Designator=R656
Change Component Designator: Old Designator=R? New Designator=R657
Change Component Designator: Old Designator=R? New Designator=R658
Change Component Designator: Old Designator=TVS? New Designator=TVS640
Change Component Designator: Old Designator=TVS? New Designator=TVS641
Change Component Designator: Old Designator=TVS? New Designator=TVS642
Change Component Designator: Old Designator=TVS? New Designator=TVS643
